[2021-06-08 21:08:05] [[32minfo[39m] Connect socket: 5f354b32b13cdb1f1ca35676,eaYD52j5AZFdsuq5AAAA,5f56f9ca087b992b9c15240a,eaYD52j5AZFdsuq5AAAA,60857834090e3759f0870c87,eaYD52j5AZFdsuq5AAAA,60bf2d91b4b5962ca8888253,eaYD52j5AZFdsuq5AAAA
[2021-06-08 21:09:06] [[32minfo[39m] Disconnect socket: 
[2021-06-08 21:09:07] [[32minfo[39m] Connect socket: 5f354b32b13cdb1f1ca35676,WiPkyPmAoO37n6QCAAAB,5f56f9ca087b992b9c15240a,WiPkyPmAoO37n6QCAAAB,60857834090e3759f0870c87,WiPkyPmAoO37n6QCAAAB,60bf2d91b4b5962ca8888253,WiPkyPmAoO37n6QCAAAB
[2021-06-08 21:15:29] [[32minfo[39m] Connect socket: 5f354b32b13cdb1f1ca35676,yQW6-xWSZfvf9EHOAAAA,5f56f9ca087b992b9c15240a,yQW6-xWSZfvf9EHOAAAA,60857834090e3759f0870c87,yQW6-xWSZfvf9EHOAAAA,60bf2d91b4b5962ca8888253,yQW6-xWSZfvf9EHOAAAA
[2021-06-08 21:15:34] [[32minfo[39m] Disconnect socket: 
[2021-06-08 21:16:14] [[32minfo[39m] Connect socket: 5f354b32b13cdb1f1ca35676,-ob0VBHfPlyQeYb5AAAD,5f56f9ca087b992b9c15240a,-ob0VBHfPlyQeYb5AAAD,60857834090e3759f0870c87,-ob0VBHfPlyQeYb5AAAD,60bf2d91b4b5962ca8888253,-ob0VBHfPlyQeYb5AAAD
[2021-06-08 21:19:23] [[32minfo[39m] Connect socket: 5f354b32b13cdb1f1ca35676,L9qajh-wOxjK9jW6AAAA,5f56f9ca087b992b9c15240a,L9qajh-wOxjK9jW6AAAA,60857834090e3759f0870c87,L9qajh-wOxjK9jW6AAAA,60bf2d91b4b5962ca8888253,L9qajh-wOxjK9jW6AAAA
[2021-06-08 21:19:26] [[32minfo[39m] Disconnect socket: 
[2021-06-08 21:21:25] [[32minfo[39m] Connect socket: 5f354b32b13cdb1f1ca35676,5IUX3kII-HLhZhQtAAAB,5f56f9ca087b992b9c15240a,5IUX3kII-HLhZhQtAAAB,60857834090e3759f0870c87,5IUX3kII-HLhZhQtAAAB,60bf2d91b4b5962ca8888253,5IUX3kII-HLhZhQtAAAB
[2021-06-08 21:22:25] [[32minfo[39m] Connect socket: 5f354b32b13cdb1f1ca35676,L3XpXB1LPEdvNIGGAAAA,5f56f9ca087b992b9c15240a,L3XpXB1LPEdvNIGGAAAA,60857834090e3759f0870c87,L3XpXB1LPEdvNIGGAAAA,60bf2d91b4b5962ca8888253,L3XpXB1LPEdvNIGGAAAA
[2021-06-08 21:22:34] [[32minfo[39m] Disconnect socket: 
[2021-06-08 21:22:36] [[32minfo[39m] Connect socket: 5f354b32b13cdb1f1ca35676,KgYOKW5WjDqeMKuYAAAB,5f56f9ca087b992b9c15240a,KgYOKW5WjDqeMKuYAAAB,60857834090e3759f0870c87,KgYOKW5WjDqeMKuYAAAB,60bf2d91b4b5962ca8888253,KgYOKW5WjDqeMKuYAAAB
[2021-06-08 21:22:43] [[32minfo[39m] Connect socket: 5f354b32b13cdb1f1ca35676,KgYOKW5WjDqeMKuYAAAB,5f56f9ca087b992b9c15240a,KgYOKW5WjDqeMKuYAAAB,vsuUIIpHFh-6qbHAAAAC,60857834090e3759f0870c87,KgYOKW5WjDqeMKuYAAAB,vsuUIIpHFh-6qbHAAAAC,60bf2d91b4b5962ca8888253,KgYOKW5WjDqeMKuYAAAB,vsuUIIpHFh-6qbHAAAAC,5f378e078cc48a49e0dd9af3,vsuUIIpHFh-6qbHAAAAC,6087eeca2c7aea3724ca9dc4,vsuUIIpHFh-6qbHAAAAC
[2021-06-08 21:23:00] [[32minfo[39m] Connect socket: 5f354b32b13cdb1f1ca35676,-ywBdTGr-WhQexr4AAAA,5f56f9ca087b992b9c15240a,-ywBdTGr-WhQexr4AAAA,60857834090e3759f0870c87,-ywBdTGr-WhQexr4AAAA,60bf2d91b4b5962ca8888253,-ywBdTGr-WhQexr4AAAA
[2021-06-08 21:23:00] [[32minfo[39m] Connect socket: 5f354b32b13cdb1f1ca35676,-ywBdTGr-WhQexr4AAAA,5f56f9ca087b992b9c15240a,-ywBdTGr-WhQexr4AAAA,jsg8cJ-Pyb0ks-g5AAAB,60857834090e3759f0870c87,-ywBdTGr-WhQexr4AAAA,jsg8cJ-Pyb0ks-g5AAAB,60bf2d91b4b5962ca8888253,-ywBdTGr-WhQexr4AAAA,jsg8cJ-Pyb0ks-g5AAAB,5f378e078cc48a49e0dd9af3,jsg8cJ-Pyb0ks-g5AAAB,6087eeca2c7aea3724ca9dc4,jsg8cJ-Pyb0ks-g5AAAB
[2021-06-08 21:23:04] [[32minfo[39m] Disconnect socket: 5f56f9ca087b992b9c15240a,jsg8cJ-Pyb0ks-g5AAAB,60857834090e3759f0870c87,jsg8cJ-Pyb0ks-g5AAAB,60bf2d91b4b5962ca8888253,jsg8cJ-Pyb0ks-g5AAAB,5f378e078cc48a49e0dd9af3,jsg8cJ-Pyb0ks-g5AAAB,6087eeca2c7aea3724ca9dc4,jsg8cJ-Pyb0ks-g5AAAB
[2021-06-08 21:23:05] [[32minfo[39m] Connect socket: 5f56f9ca087b992b9c15240a,jsg8cJ-Pyb0ks-g5AAAB,MBjHa9VwJxRVCgaJAAAC,60857834090e3759f0870c87,jsg8cJ-Pyb0ks-g5AAAB,MBjHa9VwJxRVCgaJAAAC,60bf2d91b4b5962ca8888253,jsg8cJ-Pyb0ks-g5AAAB,MBjHa9VwJxRVCgaJAAAC,5f378e078cc48a49e0dd9af3,jsg8cJ-Pyb0ks-g5AAAB,6087eeca2c7aea3724ca9dc4,jsg8cJ-Pyb0ks-g5AAAB,5f354b32b13cdb1f1ca35676,MBjHa9VwJxRVCgaJAAAC
[2021-06-08 21:23:08] [[32minfo[39m] Disconnect socket: 5f56f9ca087b992b9c15240a,MBjHa9VwJxRVCgaJAAAC,60857834090e3759f0870c87,MBjHa9VwJxRVCgaJAAAC,60bf2d91b4b5962ca8888253,MBjHa9VwJxRVCgaJAAAC,5f354b32b13cdb1f1ca35676,MBjHa9VwJxRVCgaJAAAC
[2021-06-08 21:23:09] [[32minfo[39m] Connect socket: 5f56f9ca087b992b9c15240a,MBjHa9VwJxRVCgaJAAAC,x5UT3LzeufEvDWBIAAAD,60857834090e3759f0870c87,MBjHa9VwJxRVCgaJAAAC,x5UT3LzeufEvDWBIAAAD,60bf2d91b4b5962ca8888253,MBjHa9VwJxRVCgaJAAAC,x5UT3LzeufEvDWBIAAAD,5f354b32b13cdb1f1ca35676,MBjHa9VwJxRVCgaJAAAC,5f378e078cc48a49e0dd9af3,x5UT3LzeufEvDWBIAAAD,6087eeca2c7aea3724ca9dc4,x5UT3LzeufEvDWBIAAAD
[2021-06-08 21:24:00] [[32minfo[39m] Disconnect socket: 5f56f9ca087b992b9c15240a,MBjHa9VwJxRVCgaJAAAC,60857834090e3759f0870c87,MBjHa9VwJxRVCgaJAAAC,60bf2d91b4b5962ca8888253,MBjHa9VwJxRVCgaJAAAC,5f354b32b13cdb1f1ca35676,MBjHa9VwJxRVCgaJAAAC
[2021-06-08 21:24:55] [[32minfo[39m] Connect socket: 5f354b32b13cdb1f1ca35676,FydL9p7sXMZgJuesAAAA,5f56f9ca087b992b9c15240a,FydL9p7sXMZgJuesAAAA,60857834090e3759f0870c87,FydL9p7sXMZgJuesAAAA,60bf2d91b4b5962ca8888253,FydL9p7sXMZgJuesAAAA
[2021-06-08 21:25:15] [[32minfo[39m] Connect socket: 5f354b32b13cdb1f1ca35676,FydL9p7sXMZgJuesAAAA,5f56f9ca087b992b9c15240a,FydL9p7sXMZgJuesAAAA,zwWAgSqknJuCDmz-AAAB,60857834090e3759f0870c87,FydL9p7sXMZgJuesAAAA,zwWAgSqknJuCDmz-AAAB,60bf2d91b4b5962ca8888253,FydL9p7sXMZgJuesAAAA,zwWAgSqknJuCDmz-AAAB,5f378e078cc48a49e0dd9af3,zwWAgSqknJuCDmz-AAAB,6087eeca2c7aea3724ca9dc4,zwWAgSqknJuCDmz-AAAB
